09.11.2022 21:41:18: Client Created successfully 
09.11.2022 21:41:20: ForbiddenForbiddenSystem.Net.Http.StreamContentServer: nginx/1.23.1
Transfer-Encoding: chunked
Connection: keep-alive
X-Powered-By: PHP/7.4.25
X-Debug-Exception: Access%20Denied.
X-Debug-Exception-File: %2Fvar%2Fwww%2Fhtml%2Fvendor%2Fsymfony%2Fsecurity-http%2FFirewall%2FExceptionListener.php:138
Cache-Control: no-cache, private
Date: Wed, 09 Nov 2022 19:41:20 GMT
X-Debug-Token: b78246
X-Debug-Token-Link: http://212.56.202.77/_profiler/b78246
X-Robots-Tag: noindex
X-Previous-Debug-Token: 477105

09.11.2022 21:41:24: Message: Подключение не установлено, т.к. конечный компьютер отверг запрос на подключение.

StackTrace: 

Server stack trace: 
  at System.Runtime.Remoting.Channels.Tcp.HostConnectionPool.CreateConnection () [0x00036] in <f4b659e5df5b40fda5b047a02f25c201>:0 
  at System.Runtime.Remoting.Channels.Tcp.HostConnectionPool.GetConnection () [0x000bb] in <f4b659e5df5b40fda5b047a02f25c201>:0 
  at System.Runtime.Remoting.Channels.Tcp.TcpConnectionPool.GetConnection (System.String host, System.Int32 port) [0x0005c] in <f4b659e5df5b40fda5b047a02f25c201>:0 
  at System.Runtime.Remoting.Channels.Tcp.TcpClientTransportSink.ProcessMessage (System.Runtime.Remoting.Messaging.IMessage msg, System.Runtime.Remoting.Channels.ITransportHeaders requestHeaders, System.IO.Stream requestStream, System.Runtime.Remoting.Channels.ITransportHeaders& responseHeaders, System.IO.Stream& responseStream) [0x00025] in <f4b659e5df5b40fda5b047a02f25c201>:0 
  at System.Runtime.Remoting.Channels.BinaryClientFormatterSink.SyncProcessMessage (System.Runtime.Remoting.Messaging.IMessage msg) [0x0006c] in <f4b659e5df5b40fda5b047a02f25c201>:0 

Exception rethrown at [0]: 
  at (wrapper managed-to-native) System.Object.__icall_wrapper_mono_remoting_wrapper(intptr,intptr)
  at (wrapper remoting-invoke) IMarketingGameResult.IMarketingGameResult.Log(string)
  at Client.SendToServer (System.String[] data) [0x00017] in C:\Games\Rauf Tur\Assets\Scripts\Classes\Client.cs:16 
  at CommandLineArgsHandler.Start () [0x000c7] in C:\Games\Rauf Tur\Assets\CommandLineArgsHandler.cs:99 
Source: 
Date: System.Collections.ListDictionaryInternal
InnerException: 

09.11.2022 21:42:58: Client Created successfully 
09.11.2022 21:42:59: ForbiddenForbiddenSystem.Net.Http.StreamContentServer: nginx/1.23.1
Transfer-Encoding: chunked
Connection: keep-alive
X-Powered-By: PHP/7.4.25
X-Debug-Exception: Access%20Denied.
X-Debug-Exception-File: %2Fvar%2Fwww%2Fhtml%2Fvendor%2Fsymfony%2Fsecurity-http%2FFirewall%2FExceptionListener.php:138
Cache-Control: no-cache, private
Date: Wed, 09 Nov 2022 19:43:00 GMT
X-Debug-Token: 103bb3
X-Debug-Token-Link: http://212.56.202.77/_profiler/103bb3
X-Robots-Tag: noindex
X-Previous-Debug-Token: 4fa725

09.11.2022 21:43:03: Message: Подключение не установлено, т.к. конечный компьютер отверг запрос на подключение.

StackTrace: 

Server stack trace: 
  at System.Runtime.Remoting.Channels.Tcp.HostConnectionPool.CreateConnection () [0x00036] in <f4b659e5df5b40fda5b047a02f25c201>:0 
  at System.Runtime.Remoting.Channels.Tcp.HostConnectionPool.GetConnection () [0x000bb] in <f4b659e5df5b40fda5b047a02f25c201>:0 
  at System.Runtime.Remoting.Channels.Tcp.TcpConnectionPool.GetConnection (System.String host, System.Int32 port) [0x0005c] in <f4b659e5df5b40fda5b047a02f25c201>:0 
  at System.Runtime.Remoting.Channels.Tcp.TcpClientTransportSink.ProcessMessage (System.Runtime.Remoting.Messaging.IMessage msg, System.Runtime.Remoting.Channels.ITransportHeaders requestHeaders, System.IO.Stream requestStream, System.Runtime.Remoting.Channels.ITransportHeaders& responseHeaders, System.IO.Stream& responseStream) [0x00025] in <f4b659e5df5b40fda5b047a02f25c201>:0 
  at System.Runtime.Remoting.Channels.BinaryClientFormatterSink.SyncProcessMessage (System.Runtime.Remoting.Messaging.IMessage msg) [0x0006c] in <f4b659e5df5b40fda5b047a02f25c201>:0 

Exception rethrown at [0]: 
  at (wrapper managed-to-native) System.Object.__icall_wrapper_mono_remoting_wrapper(intptr,intptr)
  at (wrapper remoting-invoke) IMarketingGameResult.IMarketingGameResult.Log(string)
  at Client.SendToServer (System.String[] data) [0x00017] in C:\Games\Rauf Tur\Assets\Scripts\Classes\Client.cs:16 
  at CommandLineArgsHandler.Start () [0x000c7] in C:\Games\Rauf Tur\Assets\CommandLineArgsHandler.cs:99 
Source: 
Date: System.Collections.ListDictionaryInternal
InnerException: 

09.11.2022 21:52:07: Client Created successfully 
09.11.2022 21:52:08: ForbiddenForbiddenSystem.Net.Http.StreamContentServer: nginx/1.23.1
Transfer-Encoding: chunked
Connection: keep-alive
X-Powered-By: PHP/7.4.25
X-Debug-Exception: Access%20Denied.
X-Debug-Exception-File: %2Fvar%2Fwww%2Fhtml%2Fvendor%2Fsymfony%2Fsecurity-http%2FFirewall%2FExceptionListener.php:138
Cache-Control: no-cache, private
Date: Wed, 09 Nov 2022 19:52:08 GMT
X-Debug-Token: 6eaa7c
X-Debug-Token-Link: http://212.56.202.77/_profiler/6eaa7c
X-Robots-Tag: noindex
X-Previous-Debug-Token: 2645f8

09.11.2022 21:52:12: Message: Подключение не установлено, т.к. конечный компьютер отверг запрос на подключение.

StackTrace: 

Server stack trace: 
  at System.Runtime.Remoting.Channels.Tcp.HostConnectionPool.CreateConnection () [0x00036] in <f4b659e5df5b40fda5b047a02f25c201>:0 
  at System.Runtime.Remoting.Channels.Tcp.HostConnectionPool.GetConnection () [0x000bb] in <f4b659e5df5b40fda5b047a02f25c201>:0 
  at System.Runtime.Remoting.Channels.Tcp.TcpConnectionPool.GetConnection (System.String host, System.Int32 port) [0x0005c] in <f4b659e5df5b40fda5b047a02f25c201>:0 
  at System.Runtime.Remoting.Channels.Tcp.TcpClientTransportSink.ProcessMessage (System.Runtime.Remoting.Messaging.IMessage msg, System.Runtime.Remoting.Channels.ITransportHeaders requestHeaders, System.IO.Stream requestStream, System.Runtime.Remoting.Channels.ITransportHeaders& responseHeaders, System.IO.Stream& responseStream) [0x00025] in <f4b659e5df5b40fda5b047a02f25c201>:0 
  at System.Runtime.Remoting.Channels.BinaryClientFormatterSink.SyncProcessMessage (System.Runtime.Remoting.Messaging.IMessage msg) [0x0006c] in <f4b659e5df5b40fda5b047a02f25c201>:0 

Exception rethrown at [0]: 
  at (wrapper managed-to-native) System.Object.__icall_wrapper_mono_remoting_wrapper(intptr,intptr)
  at (wrapper remoting-invoke) IMarketingGameResult.IMarketingGameResult.Log(string)
  at Client.SendToServer (System.String[] data) [0x00017] in C:\Games\Rauf Tur\Assets\Scripts\Classes\Client.cs:16 
  at CommandLineArgsHandler.Start () [0x000c7] in C:\Games\Rauf Tur\Assets\CommandLineArgsHandler.cs:99 
Source: 
Date: System.Collections.ListDictionaryInternal
InnerException: 

09.11.2022 22:11:02: Client Created successfully 
09.11.2022 22:11:03: ForbiddenForbiddenSystem.Net.Http.StreamContentServer: nginx/1.23.1
Transfer-Encoding: chunked
Connection: keep-alive
X-Powered-By: PHP/7.4.25
X-Debug-Exception: Access%20Denied.
X-Debug-Exception-File: %2Fvar%2Fwww%2Fhtml%2Fvendor%2Fsymfony%2Fsecurity-http%2FFirewall%2FExceptionListener.php:138
Cache-Control: no-cache, private
Date: Wed, 09 Nov 2022 20:11:04 GMT
X-Debug-Token: f27609
X-Debug-Token-Link: http://212.56.202.77/_profiler/f27609
X-Robots-Tag: noindex
X-Previous-Debug-Token: 4dbb19

09.11.2022 22:11:07: Message: Подключение не установлено, т.к. конечный компьютер отверг запрос на подключение.

StackTrace: 

Server stack trace: 
  at System.Runtime.Remoting.Channels.Tcp.HostConnectionPool.CreateConnection () [0x00036] in <f4b659e5df5b40fda5b047a02f25c201>:0 
  at System.Runtime.Remoting.Channels.Tcp.HostConnectionPool.GetConnection () [0x000bb] in <f4b659e5df5b40fda5b047a02f25c201>:0 
  at System.Runtime.Remoting.Channels.Tcp.TcpConnectionPool.GetConnection (System.String host, System.Int32 port) [0x0005c] in <f4b659e5df5b40fda5b047a02f25c201>:0 
  at System.Runtime.Remoting.Channels.Tcp.TcpClientTransportSink.ProcessMessage (System.Runtime.Remoting.Messaging.IMessage msg, System.Runtime.Remoting.Channels.ITransportHeaders requestHeaders, System.IO.Stream requestStream, System.Runtime.Remoting.Channels.ITransportHeaders& responseHeaders, System.IO.Stream& responseStream) [0x00025] in <f4b659e5df5b40fda5b047a02f25c201>:0 
  at System.Runtime.Remoting.Channels.BinaryClientFormatterSink.SyncProcessMessage (System.Runtime.Remoting.Messaging.IMessage msg) [0x0006c] in <f4b659e5df5b40fda5b047a02f25c201>:0 

Exception rethrown at [0]: 
  at (wrapper managed-to-native) System.Object.__icall_wrapper_mono_remoting_wrapper(intptr,intptr)
  at (wrapper remoting-invoke) IMarketingGameResult.IMarketingGameResult.Log(string)
  at Client.SendToServer (System.String[] data) [0x00017] in C:\Games\Rauf Tur\Assets\Scripts\Classes\Client.cs:16 
  at CommandLineArgsHandler.Start () [0x000c7] in C:\Games\Rauf Tur\Assets\CommandLineArgsHandler.cs:99 
Source: 
Date: System.Collections.ListDictionaryInternal
InnerException: 

09.11.2022 22:18:41: Client Created successfully 
09.11.2022 22:18:41: ForbiddenForbiddenSystem.Net.Http.StreamContentServer: nginx/1.23.1
Transfer-Encoding: chunked
Connection: keep-alive
X-Powered-By: PHP/7.4.25
X-Debug-Exception: Access%20Denied.
X-Debug-Exception-File: %2Fvar%2Fwww%2Fhtml%2Fvendor%2Fsymfony%2Fsecurity-http%2FFirewall%2FExceptionListener.php:138
Cache-Control: no-cache, private
Date: Wed, 09 Nov 2022 20:18:42 GMT
X-Debug-Token: 347885
X-Debug-Token-Link: http://212.56.202.77/_profiler/347885
X-Robots-Tag: noindex
X-Previous-Debug-Token: eee388

09.11.2022 22:18:45: Message: Подключение не установлено, т.к. конечный компьютер отверг запрос на подключение.

StackTrace: 

Server stack trace: 
  at System.Runtime.Remoting.Channels.Tcp.HostConnectionPool.CreateConnection () [0x00036] in <f4b659e5df5b40fda5b047a02f25c201>:0 
  at System.Runtime.Remoting.Channels.Tcp.HostConnectionPool.GetConnection () [0x000bb] in <f4b659e5df5b40fda5b047a02f25c201>:0 
  at System.Runtime.Remoting.Channels.Tcp.TcpConnectionPool.GetConnection (System.String host, System.Int32 port) [0x0005c] in <f4b659e5df5b40fda5b047a02f25c201>:0 
  at System.Runtime.Remoting.Channels.Tcp.TcpClientTransportSink.ProcessMessage (System.Runtime.Remoting.Messaging.IMessage msg, System.Runtime.Remoting.Channels.ITransportHeaders requestHeaders, System.IO.Stream requestStream, System.Runtime.Remoting.Channels.ITransportHeaders& responseHeaders, System.IO.Stream& responseStream) [0x00025] in <f4b659e5df5b40fda5b047a02f25c201>:0 
  at System.Runtime.Remoting.Channels.BinaryClientFormatterSink.SyncProcessMessage (System.Runtime.Remoting.Messaging.IMessage msg) [0x0006c] in <f4b659e5df5b40fda5b047a02f25c201>:0 

Exception rethrown at [0]: 
  at (wrapper managed-to-native) System.Object.__icall_wrapper_mono_remoting_wrapper(intptr,intptr)
  at (wrapper remoting-invoke) IMarketingGameResult.IMarketingGameResult.Log(string)
  at Client.SendToServer (System.String[] data) [0x00017] in C:\Games\Rauf Tur\Assets\Scripts\Classes\Client.cs:16 
  at CommandLineArgsHandler.Start () [0x000c9] in C:\Games\Rauf Tur\Assets\CommandLineArgsHandler.cs:99 
Source: 
Date: System.Collections.ListDictionaryInternal
InnerException: 

09.11.2022 22:19:08: Client Created successfully 
09.11.2022 22:19:09: ForbiddenForbiddenSystem.Net.Http.StreamContentServer: nginx/1.23.1
Transfer-Encoding: chunked
Connection: keep-alive
X-Powered-By: PHP/7.4.25
X-Debug-Exception: Access%20Denied.
X-Debug-Exception-File: %2Fvar%2Fwww%2Fhtml%2Fvendor%2Fsymfony%2Fsecurity-http%2FFirewall%2FExceptionListener.php:138
Cache-Control: no-cache, private
Date: Wed, 09 Nov 2022 20:19:09 GMT
X-Debug-Token: 81fa17
X-Debug-Token-Link: http://212.56.202.77/_profiler/81fa17
X-Robots-Tag: noindex
X-Previous-Debug-Token: 9d6d30

09.11.2022 22:19:13: Message: Подключение не установлено, т.к. конечный компьютер отверг запрос на подключение.

StackTrace: 

Server stack trace: 
  at System.Runtime.Remoting.Channels.Tcp.HostConnectionPool.CreateConnection () [0x00036] in <f4b659e5df5b40fda5b047a02f25c201>:0 
  at System.Runtime.Remoting.Channels.Tcp.HostConnectionPool.GetConnection () [0x000bb] in <f4b659e5df5b40fda5b047a02f25c201>:0 
  at System.Runtime.Remoting.Channels.Tcp.TcpConnectionPool.GetConnection (System.String host, System.Int32 port) [0x0005c] in <f4b659e5df5b40fda5b047a02f25c201>:0 
  at System.Runtime.Remoting.Channels.Tcp.TcpClientTransportSink.ProcessMessage (System.Runtime.Remoting.Messaging.IMessage msg, System.Runtime.Remoting.Channels.ITransportHeaders requestHeaders, System.IO.Stream requestStream, System.Runtime.Remoting.Channels.ITransportHeaders& responseHeaders, System.IO.Stream& responseStream) [0x00025] in <f4b659e5df5b40fda5b047a02f25c201>:0 
  at System.Runtime.Remoting.Channels.BinaryClientFormatterSink.SyncProcessMessage (System.Runtime.Remoting.Messaging.IMessage msg) [0x0006c] in <f4b659e5df5b40fda5b047a02f25c201>:0 

Exception rethrown at [0]: 
  at (wrapper managed-to-native) System.Object.__icall_wrapper_mono_remoting_wrapper(intptr,intptr)
  at (wrapper remoting-invoke) IMarketingGameResult.IMarketingGameResult.Log(string)
  at Client.SendToServer (System.String[] data) [0x00017] in C:\Games\Rauf Tur\Assets\Scripts\Classes\Client.cs:16 
  at CommandLineArgsHandler.Start () [0x000c9] in C:\Games\Rauf Tur\Assets\CommandLineArgsHandler.cs:99 
Source: 
Date: System.Collections.ListDictionaryInternal
InnerException: 

09.11.2022 22:19:28: Client Created successfully 
09.11.2022 22:19:29: ForbiddenForbiddenSystem.Net.Http.StreamContentServer: nginx/1.23.1
Transfer-Encoding: chunked
Connection: keep-alive
X-Powered-By: PHP/7.4.25
X-Debug-Exception: Access%20Denied.
X-Debug-Exception-File: %2Fvar%2Fwww%2Fhtml%2Fvendor%2Fsymfony%2Fsecurity-http%2FFirewall%2FExceptionListener.php:138
Cache-Control: no-cache, private
Date: Wed, 09 Nov 2022 20:19:29 GMT
X-Debug-Token: f43ae3
X-Debug-Token-Link: http://212.56.202.77/_profiler/f43ae3
X-Robots-Tag: noindex
X-Previous-Debug-Token: 78310d

09.11.2022 22:19:33: Message: Подключение не установлено, т.к. конечный компьютер отверг запрос на подключение.

StackTrace: 

Server stack trace: 
  at System.Runtime.Remoting.Channels.Tcp.HostConnectionPool.CreateConnection () [0x00036] in <f4b659e5df5b40fda5b047a02f25c201>:0 
  at System.Runtime.Remoting.Channels.Tcp.HostConnectionPool.GetConnection () [0x000bb] in <f4b659e5df5b40fda5b047a02f25c201>:0 
  at System.Runtime.Remoting.Channels.Tcp.TcpConnectionPool.GetConnection (System.String host, System.Int32 port) [0x0005c] in <f4b659e5df5b40fda5b047a02f25c201>:0 
  at System.Runtime.Remoting.Channels.Tcp.TcpClientTransportSink.ProcessMessage (System.Runtime.Remoting.Messaging.IMessage msg, System.Runtime.Remoting.Channels.ITransportHeaders requestHeaders, System.IO.Stream requestStream, System.Runtime.Remoting.Channels.ITransportHeaders& responseHeaders, System.IO.Stream& responseStream) [0x00025] in <f4b659e5df5b40fda5b047a02f25c201>:0 
  at System.Runtime.Remoting.Channels.BinaryClientFormatterSink.SyncProcessMessage (System.Runtime.Remoting.Messaging.IMessage msg) [0x0006c] in <f4b659e5df5b40fda5b047a02f25c201>:0 

Exception rethrown at [0]: 
  at (wrapper managed-to-native) System.Object.__icall_wrapper_mono_remoting_wrapper(intptr,intptr)
  at (wrapper remoting-invoke) IMarketingGameResult.IMarketingGameResult.Log(string)
  at Client.SendToServer (System.String[] data) [0x00017] in C:\Games\Rauf Tur\Assets\Scripts\Classes\Client.cs:16 
  at CommandLineArgsHandler.Start () [0x000c9] in C:\Games\Rauf Tur\Assets\CommandLineArgsHandler.cs:99 
Source: 
Date: System.Collections.ListDictionaryInternal
InnerException: 

09.11.2022 22:21:44: Client Created successfully 
09.11.2022 22:21:45: ForbiddenForbiddenSystem.Net.Http.StreamContentServer: nginx/1.23.1
Transfer-Encoding: chunked
Connection: keep-alive
X-Powered-By: PHP/7.4.25
X-Debug-Exception: Access%20Denied.
X-Debug-Exception-File: %2Fvar%2Fwww%2Fhtml%2Fvendor%2Fsymfony%2Fsecurity-http%2FFirewall%2FExceptionListener.php:138
Cache-Control: no-cache, private
Date: Wed, 09 Nov 2022 20:21:46 GMT
X-Debug-Token: cbd6c7
X-Debug-Token-Link: http://212.56.202.77/_profiler/cbd6c7
X-Robots-Tag: noindex
X-Previous-Debug-Token: 3b64ce

09.11.2022 22:21:49: Message: Подключение не установлено, т.к. конечный компьютер отверг запрос на подключение.

StackTrace: 

Server stack trace: 
  at System.Runtime.Remoting.Channels.Tcp.HostConnectionPool.CreateConnection () [0x00036] in <f4b659e5df5b40fda5b047a02f25c201>:0 
  at System.Runtime.Remoting.Channels.Tcp.HostConnectionPool.GetConnection () [0x000bb] in <f4b659e5df5b40fda5b047a02f25c201>:0 
  at System.Runtime.Remoting.Channels.Tcp.TcpConnectionPool.GetConnection (System.String host, System.Int32 port) [0x0005c] in <f4b659e5df5b40fda5b047a02f25c201>:0 
  at System.Runtime.Remoting.Channels.Tcp.TcpClientTransportSink.ProcessMessage (System.Runtime.Remoting.Messaging.IMessage msg, System.Runtime.Remoting.Channels.ITransportHeaders requestHeaders, System.IO.Stream requestStream, System.Runtime.Remoting.Channels.ITransportHeaders& responseHeaders, System.IO.Stream& responseStream) [0x00025] in <f4b659e5df5b40fda5b047a02f25c201>:0 
  at System.Runtime.Remoting.Channels.BinaryClientFormatterSink.SyncProcessMessage (System.Runtime.Remoting.Messaging.IMessage msg) [0x0006c] in <f4b659e5df5b40fda5b047a02f25c201>:0 

Exception rethrown at [0]: 
  at (wrapper managed-to-native) System.Object.__icall_wrapper_mono_remoting_wrapper(intptr,intptr)
  at (wrapper remoting-invoke) IMarketingGameResult.IMarketingGameResult.Log(string)
  at Client.SendToServer (System.String[] data) [0x00017] in C:\Games\Rauf Tur\Assets\Scripts\Classes\Client.cs:16 
  at CommandLineArgsHandler.Start () [0x000c9] in C:\Games\Rauf Tur\Assets\CommandLineArgsHandler.cs:99 
Source: 
Date: System.Collections.ListDictionaryInternal
InnerException: 

09.11.2022 22:26:31: Client Created successfully 
09.11.2022 22:26:32: ForbiddenForbiddenSystem.Net.Http.StreamContentServer: nginx/1.23.1
Transfer-Encoding: chunked
Connection: keep-alive
X-Powered-By: PHP/7.4.25
X-Debug-Exception: Access%20Denied.
X-Debug-Exception-File: %2Fvar%2Fwww%2Fhtml%2Fvendor%2Fsymfony%2Fsecurity-http%2FFirewall%2FExceptionListener.php:138
Cache-Control: no-cache, private
Date: Wed, 09 Nov 2022 20:26:32 GMT
X-Debug-Token: 756a39
X-Debug-Token-Link: http://212.56.202.77/_profiler/756a39
X-Robots-Tag: noindex
X-Previous-Debug-Token: 9c8b60

09.11.2022 22:26:36: Message: Подключение не установлено, т.к. конечный компьютер отверг запрос на подключение.

StackTrace: 

Server stack trace: 
  at System.Runtime.Remoting.Channels.Tcp.HostConnectionPool.CreateConnection () [0x00036] in <f4b659e5df5b40fda5b047a02f25c201>:0 
  at System.Runtime.Remoting.Channels.Tcp.HostConnectionPool.GetConnection () [0x000bb] in <f4b659e5df5b40fda5b047a02f25c201>:0 
  at System.Runtime.Remoting.Channels.Tcp.TcpConnectionPool.GetConnection (System.String host, System.Int32 port) [0x0005c] in <f4b659e5df5b40fda5b047a02f25c201>:0 
  at System.Runtime.Remoting.Channels.Tcp.TcpClientTransportSink.ProcessMessage (System.Runtime.Remoting.Messaging.IMessage msg, System.Runtime.Remoting.Channels.ITransportHeaders requestHeaders, System.IO.Stream requestStream, System.Runtime.Remoting.Channels.ITransportHeaders& responseHeaders, System.IO.Stream& responseStream) [0x00025] in <f4b659e5df5b40fda5b047a02f25c201>:0 
  at System.Runtime.Remoting.Channels.BinaryClientFormatterSink.SyncProcessMessage (System.Runtime.Remoting.Messaging.IMessage msg) [0x0006c] in <f4b659e5df5b40fda5b047a02f25c201>:0 

Exception rethrown at [0]: 
  at (wrapper managed-to-native) System.Object.__icall_wrapper_mono_remoting_wrapper(intptr,intptr)
  at (wrapper remoting-invoke) IMarketingGameResult.IMarketingGameResult.Log(string)
  at Client.SendToServer (System.String[] data) [0x00017] in C:\Games\Rauf Tur\Assets\Scripts\Classes\Client.cs:16 
  at CommandLineArgsHandler.Start () [0x000c9] in C:\Games\Rauf Tur\Assets\CommandLineArgsHandler.cs:99 
Source: 
Date: System.Collections.ListDictionaryInternal
InnerException: 

09.11.2022 22:27:30: Client Created successfully 
09.11.2022 22:27:32: ForbiddenForbiddenSystem.Net.Http.StreamContentServer: nginx/1.23.1
Transfer-Encoding: chunked
Connection: keep-alive
X-Powered-By: PHP/7.4.25
X-Debug-Exception: Access%20Denied.
X-Debug-Exception-File: %2Fvar%2Fwww%2Fhtml%2Fvendor%2Fsymfony%2Fsecurity-http%2FFirewall%2FExceptionListener.php:138
Cache-Control: no-cache, private
Date: Wed, 09 Nov 2022 20:27:32 GMT
X-Debug-Token: 686ad5
X-Debug-Token-Link: http://212.56.202.77/_profiler/686ad5
X-Robots-Tag: noindex
X-Previous-Debug-Token: 19371e

09.11.2022 22:27:36: Message: Подключение не установлено, т.к. конечный компьютер отверг запрос на подключение.

StackTrace: 

Server stack trace: 
  at System.Runtime.Remoting.Channels.Tcp.HostConnectionPool.CreateConnection () [0x00036] in <f4b659e5df5b40fda5b047a02f25c201>:0 
  at System.Runtime.Remoting.Channels.Tcp.HostConnectionPool.GetConnection () [0x000bb] in <f4b659e5df5b40fda5b047a02f25c201>:0 
  at System.Runtime.Remoting.Channels.Tcp.TcpConnectionPool.GetConnection (System.String host, System.Int32 port) [0x0005c] in <f4b659e5df5b40fda5b047a02f25c201>:0 
  at System.Runtime.Remoting.Channels.Tcp.TcpClientTransportSink.ProcessMessage (System.Runtime.Remoting.Messaging.IMessage msg, System.Runtime.Remoting.Channels.ITransportHeaders requestHeaders, System.IO.Stream requestStream, System.Runtime.Remoting.Channels.ITransportHeaders& responseHeaders, System.IO.Stream& responseStream) [0x00025] in <f4b659e5df5b40fda5b047a02f25c201>:0 
  at System.Runtime.Remoting.Channels.BinaryClientFormatterSink.SyncProcessMessage (System.Runtime.Remoting.Messaging.IMessage msg) [0x0006c] in <f4b659e5df5b40fda5b047a02f25c201>:0 

Exception rethrown at [0]: 
  at (wrapper managed-to-native) System.Object.__icall_wrapper_mono_remoting_wrapper(intptr,intptr)
  at (wrapper remoting-invoke) IMarketingGameResult.IMarketingGameResult.Log(string)
  at Client.SendToServer (System.String[] data) [0x00017] in C:\Games\Rauf Tur\Assets\Scripts\Classes\Client.cs:16 
  at CommandLineArgsHandler.Start () [0x000c9] in C:\Games\Rauf Tur\Assets\CommandLineArgsHandler.cs:99 
Source: 
Date: System.Collections.ListDictionaryInternal
InnerException: 

09.11.2022 22:37:04: Client Created successfully 
09.11.2022 22:37:04: ForbiddenForbiddenSystem.Net.Http.StreamContentServer: nginx/1.23.1
Transfer-Encoding: chunked
Connection: keep-alive
X-Powered-By: PHP/7.4.25
X-Debug-Exception: Access%20Denied.
X-Debug-Exception-File: %2Fvar%2Fwww%2Fhtml%2Fvendor%2Fsymfony%2Fsecurity-http%2FFirewall%2FExceptionListener.php:138
Cache-Control: no-cache, private
Date: Wed, 09 Nov 2022 20:37:05 GMT
X-Debug-Token: ee6867
X-Debug-Token-Link: http://212.56.202.77/_profiler/ee6867
X-Robots-Tag: noindex
X-Previous-Debug-Token: 825f29

09.11.2022 22:37:08: Message: Подключение не установлено, т.к. конечный компьютер отверг запрос на подключение.

StackTrace: 

Server stack trace: 
  at System.Runtime.Remoting.Channels.Tcp.HostConnectionPool.CreateConnection () [0x00036] in <f4b659e5df5b40fda5b047a02f25c201>:0 
  at System.Runtime.Remoting.Channels.Tcp.HostConnectionPool.GetConnection () [0x000bb] in <f4b659e5df5b40fda5b047a02f25c201>:0 
  at System.Runtime.Remoting.Channels.Tcp.TcpConnectionPool.GetConnection (System.String host, System.Int32 port) [0x0005c] in <f4b659e5df5b40fda5b047a02f25c201>:0 
  at System.Runtime.Remoting.Channels.Tcp.TcpClientTransportSink.ProcessMessage (System.Runtime.Remoting.Messaging.IMessage msg, System.Runtime.Remoting.Channels.ITransportHeaders requestHeaders, System.IO.Stream requestStream, System.Runtime.Remoting.Channels.ITransportHeaders& responseHeaders, System.IO.Stream& responseStream) [0x00025] in <f4b659e5df5b40fda5b047a02f25c201>:0 
  at System.Runtime.Remoting.Channels.BinaryClientFormatterSink.SyncProcessMessage (System.Runtime.Remoting.Messaging.IMessage msg) [0x0006c] in <f4b659e5df5b40fda5b047a02f25c201>:0 

Exception rethrown at [0]: 
  at (wrapper managed-to-native) System.Object.__icall_wrapper_mono_remoting_wrapper(intptr,intptr)
  at (wrapper remoting-invoke) IMarketingGameResult.IMarketingGameResult.Log(string)
  at Client.SendToServer (System.String[] data) [0x00017] in C:\Games\Rauf Tur\Assets\Scripts\Classes\Client.cs:16 
  at CommandLineArgsHandler.Start () [0x000c9] in C:\Games\Rauf Tur\Assets\CommandLineArgsHandler.cs:99 
Source: 
Date: System.Collections.ListDictionaryInternal
InnerException: 

09.11.2022 22:37:33: Client Created successfully 
09.11.2022 22:37:34: ForbiddenForbiddenSystem.Net.Http.StreamContentServer: nginx/1.23.1
Transfer-Encoding: chunked
Connection: keep-alive
X-Powered-By: PHP/7.4.25
X-Debug-Exception: Access%20Denied.
X-Debug-Exception-File: %2Fvar%2Fwww%2Fhtml%2Fvendor%2Fsymfony%2Fsecurity-http%2FFirewall%2FExceptionListener.php:138
Cache-Control: no-cache, private
Date: Wed, 09 Nov 2022 20:37:34 GMT
X-Debug-Token: 30fcd2
X-Debug-Token-Link: http://212.56.202.77/_profiler/30fcd2
X-Robots-Tag: noindex
X-Previous-Debug-Token: 1a8115

09.11.2022 22:37:38: Message: Подключение не установлено, т.к. конечный компьютер отверг запрос на подключение.

StackTrace: 

Server stack trace: 
  at System.Runtime.Remoting.Channels.Tcp.HostConnectionPool.CreateConnection () [0x00036] in <f4b659e5df5b40fda5b047a02f25c201>:0 
  at System.Runtime.Remoting.Channels.Tcp.HostConnectionPool.GetConnection () [0x000bb] in <f4b659e5df5b40fda5b047a02f25c201>:0 
  at System.Runtime.Remoting.Channels.Tcp.TcpConnectionPool.GetConnection (System.String host, System.Int32 port) [0x0005c] in <f4b659e5df5b40fda5b047a02f25c201>:0 
  at System.Runtime.Remoting.Channels.Tcp.TcpClientTransportSink.ProcessMessage (System.Runtime.Remoting.Messaging.IMessage msg, System.Runtime.Remoting.Channels.ITransportHeaders requestHeaders, System.IO.Stream requestStream, System.Runtime.Remoting.Channels.ITransportHeaders& responseHeaders, System.IO.Stream& responseStream) [0x00025] in <f4b659e5df5b40fda5b047a02f25c201>:0 
  at System.Runtime.Remoting.Channels.BinaryClientFormatterSink.SyncProcessMessage (System.Runtime.Remoting.Messaging.IMessage msg) [0x0006c] in <f4b659e5df5b40fda5b047a02f25c201>:0 

Exception rethrown at [0]: 
  at (wrapper managed-to-native) System.Object.__icall_wrapper_mono_remoting_wrapper(intptr,intptr)
  at (wrapper remoting-invoke) IMarketingGameResult.IMarketingGameResult.Log(string)
  at Client.SendToServer (System.String[] data) [0x00017] in C:\Games\Rauf Tur\Assets\Scripts\Classes\Client.cs:16 
  at CommandLineArgsHandler.Start () [0x000c9] in C:\Games\Rauf Tur\Assets\CommandLineArgsHandler.cs:99 
Source: 
Date: System.Collections.ListDictionaryInternal
InnerException: 

09.11.2022 22:41:36: Client Created successfully 
09.11.2022 22:41:36: ForbiddenForbiddenSystem.Net.Http.StreamContentServer: nginx/1.23.1
Transfer-Encoding: chunked
Connection: keep-alive
X-Powered-By: PHP/7.4.25
X-Debug-Exception: Access%20Denied.
X-Debug-Exception-File: %2Fvar%2Fwww%2Fhtml%2Fvendor%2Fsymfony%2Fsecurity-http%2FFirewall%2FExceptionListener.php:138
Cache-Control: no-cache, private
Date: Wed, 09 Nov 2022 20:41:37 GMT
X-Debug-Token: 84415f
X-Debug-Token-Link: http://212.56.202.77/_profiler/84415f
X-Robots-Tag: noindex
X-Previous-Debug-Token: 4281b6

09.11.2022 22:41:40: Message: Подключение не установлено, т.к. конечный компьютер отверг запрос на подключение.

StackTrace: 

Server stack trace: 
  at System.Runtime.Remoting.Channels.Tcp.HostConnectionPool.CreateConnection () [0x00036] in <f4b659e5df5b40fda5b047a02f25c201>:0 
  at System.Runtime.Remoting.Channels.Tcp.HostConnectionPool.GetConnection () [0x000bb] in <f4b659e5df5b40fda5b047a02f25c201>:0 
  at System.Runtime.Remoting.Channels.Tcp.TcpConnectionPool.GetConnection (System.String host, System.Int32 port) [0x0005c] in <f4b659e5df5b40fda5b047a02f25c201>:0 
  at System.Runtime.Remoting.Channels.Tcp.TcpClientTransportSink.ProcessMessage (System.Runtime.Remoting.Messaging.IMessage msg, System.Runtime.Remoting.Channels.ITransportHeaders requestHeaders, System.IO.Stream requestStream, System.Runtime.Remoting.Channels.ITransportHeaders& responseHeaders, System.IO.Stream& responseStream) [0x00025] in <f4b659e5df5b40fda5b047a02f25c201>:0 
  at System.Runtime.Remoting.Channels.BinaryClientFormatterSink.SyncProcessMessage (System.Runtime.Remoting.Messaging.IMessage msg) [0x0006c] in <f4b659e5df5b40fda5b047a02f25c201>:0 

Exception rethrown at [0]: 
  at (wrapper managed-to-native) System.Object.__icall_wrapper_mono_remoting_wrapper(intptr,intptr)
  at (wrapper remoting-invoke) IMarketingGameResult.IMarketingGameResult.Log(string)
  at Client.SendToServer (System.String[] data) [0x00017] in C:\Games\Rauf Tur\Assets\Scripts\Classes\Client.cs:16 
  at CommandLineArgsHandler.Start () [0x000c9] in C:\Games\Rauf Tur\Assets\CommandLineArgsHandler.cs:99 
Source: 
Date: System.Collections.ListDictionaryInternal
InnerException: 

