01.11.2022 13:25:04: Client Created successfully 
01.11.2022 13:25:05: ForbiddenForbiddenSystem.Net.Http.StreamContentServer: nginx/1.23.1
Transfer-Encoding: chunked
Connection: keep-alive
X-Powered-By: PHP/7.4.25
X-Debug-Exception: Access%20Denied.
X-Debug-Exception-File: %2Fvar%2Fwww%2Fhtml%2Fvendor%2Fsymfony%2Fsecurity-http%2FFirewall%2FExceptionListener.php:138
Cache-Control: no-cache, private
Date: Tue, 01 Nov 2022 11:25:03 GMT
X-Debug-Token: 358f60
X-Debug-Token-Link: http://212.56.202.77/_profiler/358f60
X-Robots-Tag: noindex
X-Previous-Debug-Token: 63bb29

01.11.2022 13:25:09: Message: Подключение не установлено, т.к. конечный компьютер отверг запрос на подключение.

StackTrace: 

Server stack trace: 
  at System.Runtime.Remoting.Channels.Tcp.HostConnectionPool.CreateConnection () [0x00036] in <f4b659e5df5b40fda5b047a02f25c201>:0 
  at System.Runtime.Remoting.Channels.Tcp.HostConnectionPool.GetConnection () [0x000bb] in <f4b659e5df5b40fda5b047a02f25c201>:0 
  at System.Runtime.Remoting.Channels.Tcp.TcpConnectionPool.GetConnection (System.String host, System.Int32 port) [0x0005c] in <f4b659e5df5b40fda5b047a02f25c201>:0 
  at System.Runtime.Remoting.Channels.Tcp.TcpClientTransportSink.ProcessMessage (System.Runtime.Remoting.Messaging.IMessage msg, System.Runtime.Remoting.Channels.ITransportHeaders requestHeaders, System.IO.Stream requestStream, System.Runtime.Remoting.Channels.ITransportHeaders& responseHeaders, System.IO.Stream& responseStream) [0x00025] in <f4b659e5df5b40fda5b047a02f25c201>:0 
  at System.Runtime.Remoting.Channels.BinaryClientFormatterSink.SyncProcessMessage (System.Runtime.Remoting.Messaging.IMessage msg) [0x0006c] in <f4b659e5df5b40fda5b047a02f25c201>:0 

Exception rethrown at [0]: 
  at (wrapper managed-to-native) System.Object.__icall_wrapper_mono_remoting_wrapper(intptr,intptr)
  at (wrapper remoting-invoke) IMarketingGameResult.IMarketingGameResult.Log(string)
  at Client.SendToServer (System.String[] data) [0x00017] in C:\Games\Rauf Tur\Assets\Scripts\Classes\Client.cs:16 
  at CommandLineArgsHandler.Start () [0x000c7] in C:\Games\Rauf Tur\Assets\CommandLineArgsHandler.cs:99 
Source: 
Date: System.Collections.ListDictionaryInternal
InnerException: 

01.11.2022 13:26:24: Client Created successfully 
01.11.2022 13:26:25: ForbiddenForbiddenSystem.Net.Http.StreamContentServer: nginx/1.23.1
Transfer-Encoding: chunked
Connection: keep-alive
X-Powered-By: PHP/7.4.25
X-Debug-Exception: Access%20Denied.
X-Debug-Exception-File: %2Fvar%2Fwww%2Fhtml%2Fvendor%2Fsymfony%2Fsecurity-http%2FFirewall%2FExceptionListener.php:138
Cache-Control: no-cache, private
Date: Tue, 01 Nov 2022 11:26:23 GMT
X-Debug-Token: 721b6a
X-Debug-Token-Link: http://212.56.202.77/_profiler/721b6a
X-Robots-Tag: noindex
X-Previous-Debug-Token: 2a1176

01.11.2022 13:26:29: Message: Подключение не установлено, т.к. конечный компьютер отверг запрос на подключение.

StackTrace: 

Server stack trace: 
  at System.Runtime.Remoting.Channels.Tcp.HostConnectionPool.CreateConnection () [0x00036] in <f4b659e5df5b40fda5b047a02f25c201>:0 
  at System.Runtime.Remoting.Channels.Tcp.HostConnectionPool.GetConnection () [0x000bb] in <f4b659e5df5b40fda5b047a02f25c201>:0 
  at System.Runtime.Remoting.Channels.Tcp.TcpConnectionPool.GetConnection (System.String host, System.Int32 port) [0x0005c] in <f4b659e5df5b40fda5b047a02f25c201>:0 
  at System.Runtime.Remoting.Channels.Tcp.TcpClientTransportSink.ProcessMessage (System.Runtime.Remoting.Messaging.IMessage msg, System.Runtime.Remoting.Channels.ITransportHeaders requestHeaders, System.IO.Stream requestStream, System.Runtime.Remoting.Channels.ITransportHeaders& responseHeaders, System.IO.Stream& responseStream) [0x00025] in <f4b659e5df5b40fda5b047a02f25c201>:0 
  at System.Runtime.Remoting.Channels.BinaryClientFormatterSink.SyncProcessMessage (System.Runtime.Remoting.Messaging.IMessage msg) [0x0006c] in <f4b659e5df5b40fda5b047a02f25c201>:0 

Exception rethrown at [0]: 
  at (wrapper managed-to-native) System.Object.__icall_wrapper_mono_remoting_wrapper(intptr,intptr)
  at (wrapper remoting-invoke) IMarketingGameResult.IMarketingGameResult.Log(string)
  at Client.SendToServer (System.String[] data) [0x00017] in C:\Games\Rauf Tur\Assets\Scripts\Classes\Client.cs:16 
  at CommandLineArgsHandler.Start () [0x000c7] in C:\Games\Rauf Tur\Assets\CommandLineArgsHandler.cs:99 
Source: 
Date: System.Collections.ListDictionaryInternal
InnerException: 

01.11.2022 13:30:13: Client Created successfully 
01.11.2022 13:30:13: ForbiddenForbiddenSystem.Net.Http.StreamContentServer: nginx/1.23.1
Transfer-Encoding: chunked
Connection: keep-alive
X-Powered-By: PHP/7.4.25
X-Debug-Exception: Access%20Denied.
X-Debug-Exception-File: %2Fvar%2Fwww%2Fhtml%2Fvendor%2Fsymfony%2Fsecurity-http%2FFirewall%2FExceptionListener.php:138
Cache-Control: no-cache, private
Date: Tue, 01 Nov 2022 11:30:11 GMT
X-Debug-Token: 56fa36
X-Debug-Token-Link: http://212.56.202.77/_profiler/56fa36
X-Robots-Tag: noindex
X-Previous-Debug-Token: a4230e

01.11.2022 13:30:18: Message: Подключение не установлено, т.к. конечный компьютер отверг запрос на подключение.

StackTrace: 

Server stack trace: 
  at System.Runtime.Remoting.Channels.Tcp.HostConnectionPool.CreateConnection () [0x00036] in <f4b659e5df5b40fda5b047a02f25c201>:0 
  at System.Runtime.Remoting.Channels.Tcp.HostConnectionPool.GetConnection () [0x000bb] in <f4b659e5df5b40fda5b047a02f25c201>:0 
  at System.Runtime.Remoting.Channels.Tcp.TcpConnectionPool.GetConnection (System.String host, System.Int32 port) [0x0005c] in <f4b659e5df5b40fda5b047a02f25c201>:0 
  at System.Runtime.Remoting.Channels.Tcp.TcpClientTransportSink.ProcessMessage (System.Runtime.Remoting.Messaging.IMessage msg, System.Runtime.Remoting.Channels.ITransportHeaders requestHeaders, System.IO.Stream requestStream, System.Runtime.Remoting.Channels.ITransportHeaders& responseHeaders, System.IO.Stream& responseStream) [0x00025] in <f4b659e5df5b40fda5b047a02f25c201>:0 
  at System.Runtime.Remoting.Channels.BinaryClientFormatterSink.SyncProcessMessage (System.Runtime.Remoting.Messaging.IMessage msg) [0x0006c] in <f4b659e5df5b40fda5b047a02f25c201>:0 

Exception rethrown at [0]: 
  at (wrapper managed-to-native) System.Object.__icall_wrapper_mono_remoting_wrapper(intptr,intptr)
  at (wrapper remoting-invoke) IMarketingGameResult.IMarketingGameResult.Log(string)
  at Client.SendToServer (System.String[] data) [0x00017] in C:\Games\Rauf Tur\Assets\Scripts\Classes\Client.cs:16 
  at CommandLineArgsHandler.Start () [0x000c7] in C:\Games\Rauf Tur\Assets\CommandLineArgsHandler.cs:99 
Source: 
Date: System.Collections.ListDictionaryInternal
InnerException: 

